<?xml version="1.0" encoding="utf-8"?><testsuites name="pytest tests"><testsuite name="pytest" errors="0" failures="0" skipped="0" tests="15" time="2.808" timestamp="2026-02-28T16:52:49.759290+00:00" hostname="agent-env-b5fffcc2-8a99-4abb-b6b8-fe88c2f7e528"><testcase classname="backend.tests.test_iteration8.TestClienteLogin" name="test_cliente_login_success" time="0.460" /><testcase classname="backend.tests.test_iteration8.TestClienteLogin" name="test_funcionario_login_success" time="0.299" /><testcase classname="backend.tests.test_iteration8.TestClienteMinhasOS" name="test_minhas_os_endpoint_exists" time="0.400" /><testcase classname="backend.tests.test_iteration8.TestClienteMinhasOS" name="test_minhas_os_returns_list" time="0.078" /><testcase classname="backend.tests.test_iteration8.TestClienteMinhasOS" name="test_minhas_os_contains_os_data" time="0.079" /><testcase classname="backend.tests.test_iteration8.TestClienteMinhasOS" name="test_cliente_has_os_vinculada" time="0.087" /><testcase classname="backend.tests.test_iteration8.TestServicosFuncionarioFiltering" name="test_servicos_funcionario_endpoint" time="0.347" /><testcase classname="backend.tests.test_iteration8.TestServicosFuncionarioFiltering" name="test_servicos_filtered_by_especialidades" time="0.059" /><testcase classname="backend.tests.test_iteration8.TestServicosFuncionarioFiltering" name="test_servicos_have_required_fields" time="0.076" /><testcase classname="backend.tests.test_iteration8.TestServicosFuncionarioFiltering" name="test_servicos_status_filter" time="0.067" /><testcase classname="backend.tests.test_iteration8.TestFotoUpload" name="test_foto_upload_endpoint_exists" time="0.123" /><testcase classname="backend.tests.test_iteration8.TestFotoUpload" name="test_foto_tipo_validation" time="0.428" /><testcase classname="backend.tests.test_iteration8.TestDashboardClienteStats" name="test_stats_calculation_from_minhas_os" time="0.076" /><testcase classname="backend.tests.test_iteration8.TestTimelineData" name="test_os_has_timeline_fields" time="0.075" /><testcase classname="backend.tests.test_iteration8.TestTimelineData" name="test_os_servicos_have_progress_status" time="0.075" /></testsuite></testsuites>