<?xml version="1.0" encoding="utf-8"?><testsuites name="pytest tests"><testsuite name="pytest" errors="0" failures="0" skipped="1" tests="14" time="7.253" timestamp="2026-02-26T20:02:28.914389+00:00" hostname="agent-env-5048d97e-e942-41df-bc46-2acf22c5fb91"><testcase classname="backend.tests.test_new_features.TestAuth" name="test_admin_login" time="0.469" /><testcase classname="backend.tests.test_new_features.TestServicosFuncionario" name="test_list_servicos_funcionario" time="0.523" /><testcase classname="backend.tests.test_new_features.TestServicosFuncionario" name="test_list_servicos_with_status_filter" time="0.706" /><testcase classname="backend.tests.test_new_features.TestServicosFuncionario" name="test_iniciar_servico_invalid_id" time="0.547" /><testcase classname="backend.tests.test_new_features.TestServicosFuncionario" name="test_iniciar_servico_not_found" time="0.462" /><testcase classname="backend.tests.test_new_features.TestEntradaPecas" name="test_entrada_peca_success" time="0.712" /><testcase classname="backend.tests.test_new_features.TestEntradaPecas" name="test_entrada_peca_not_found" time="0.540" /><testcase classname="backend.tests.test_new_features.TestDashboardFuncionario" name="test_funcionario_stats" time="0.620" /><testcase classname="backend.tests.test_new_features.TestDashboardFuncionario" name="test_funcionario_atividades" time="0.582" /><testcase classname="backend.tests.test_new_features.TestViewCliente" name="test_get_cliente_by_id" time="0.705" /><testcase classname="backend.tests.test_new_features.TestViewCliente" name="test_get_os_by_cliente_id" time="0.760" /><testcase classname="backend.tests.test_new_features.TestViewCliente" name="test_get_cliente_not_found" time="0.453" /><testcase classname="backend.tests.test_new_features.TestRoutesExist" name="test_api_health" time="0.116"><skipped type="pytest.skip" message="No health endpoint available">/app/backend/tests/test_new_features.py:278: No health endpoint available</skipped></testcase><testcase classname="backend.tests.test_new_features.TestWebSocket" name="test_ws_endpoint_exists" time="0.000" /></testsuite></testsuites>