<?xml version="1.0" encoding="utf-8"?><testsuites name="pytest tests"><testsuite name="pytest" errors="0" failures="0" skipped="0" tests="9" time="4.334" timestamp="2026-02-27T21:23:00.878978+00:00" hostname="agent-env-5048d97e-e942-41df-bc46-2acf22c5fb91"><testcase classname="tests.test_fotos_whatsapp_sanitizacao.TestPhotosUploadAndWhatsApp" name="test_whatsapp_link_generation" time="0.484" /><testcase classname="tests.test_fotos_whatsapp_sanitizacao.TestPhotosUploadAndWhatsApp" name="test_photo_upload_admin_only" time="0.582" /><testcase classname="tests.test_fotos_whatsapp_sanitizacao.TestPhotosUploadAndWhatsApp" name="test_photo_upload_invalid_tipo" time="0.466" /><testcase classname="tests.test_fotos_whatsapp_sanitizacao.TestPhotosUploadAndWhatsApp" name="test_photo_delete_admin_only" time="0.575" /><testcase classname="tests.test_fotos_whatsapp_sanitizacao.TestValueSanitization" name="test_admin_sees_all_values" time="0.390" /><testcase classname="tests.test_fotos_whatsapp_sanitizacao.TestValueSanitization" name="test_funcionario_cannot_see_values" time="0.419" /><testcase classname="tests.test_fotos_whatsapp_sanitizacao.TestValueSanitization" name="test_motorista_cannot_see_values" time="0.397" /><testcase classname="tests.test_fotos_whatsapp_sanitizacao.TestValueSanitization" name="test_funcionario_pecas_prices_hidden" time="0.431" /><testcase classname="tests.test_fotos_whatsapp_sanitizacao.TestPublicAreaCliente" name="test_consulta_os_publica_returns_fotos" time="0.541" /></testsuite></testsuites>