<?xml version="1.0" encoding="utf-8"?><testsuites name="pytest tests"><testsuite name="pytest" errors="0" failures="0" skipped="1" tests="13" time="3.831" timestamp="2026-02-27T20:24:22.259562+00:00" hostname="agent-env-5048d97e-e942-41df-bc46-2acf22c5fb91"><testcase classname="backend.tests.test_portal_motorista.TestPortalCliente" name="test_consulta_os_por_numero_existente" time="0.829" /><testcase classname="backend.tests.test_portal_motorista.TestPortalCliente" name="test_consulta_os_por_numero_inexistente" time="0.121" /><testcase classname="backend.tests.test_portal_motorista.TestPortalCliente" name="test_consulta_os_por_cpf" time="0.256" /><testcase classname="backend.tests.test_portal_motorista.TestPortalCliente" name="test_consulta_os_cliente_nao_encontrado" time="0.112" /><testcase classname="backend.tests.test_portal_motorista.TestInadimplentes" name="test_get_inadimplentes_endpoint_exists" time="0.123" /><testcase classname="backend.tests.test_portal_motorista.TestInadimplentes" name="test_inadimplentes_requires_auth" time="0.125" /><testcase classname="backend.tests.test_portal_motorista.TestRomaneioStatusFlow" name="test_list_romaneios" time="0.128" /><testcase classname="backend.tests.test_portal_motorista.TestRomaneioStatusFlow" name="test_list_os_disponiveis_romaneio" time="0.126" /><testcase classname="backend.tests.test_portal_motorista.TestRomaneioStatusFlow" name="test_list_motoristas" time="0.157" /><testcase classname="backend.tests.test_portal_motorista.TestRomaneioStatusFlow" name="test_romaneio_creation_updates_os_status_to_enviando" time="0.553" /><testcase classname="backend.tests.test_portal_motorista.TestRomaneioStatusFlow" name="test_confirmar_entrega_updates_os_status_to_entregue" time="0.922" /><testcase classname="backend.tests.test_portal_motorista.TestRomaneioStatusFlow" name="test_romaneio_status_transitions" time="0.158"><skipped type="pytest.skip" message="No pending romaneio for status transition test">/app/backend/tests/test_portal_motorista.py:341: No pending romaneio for status transition test</skipped></testcase><testcase classname="backend.tests.test_portal_motorista.TestDashboardMotorista" name="test_romaneios_endpoint_for_dashboard_stats" time="0.166" /></testsuite></testsuites>