<?xml version="1.0" encoding="utf-8"?><testsuites name="pytest tests"><testsuite name="pytest" errors="0" failures="0" skipped="0" tests="18" time="4.270" timestamp="2026-02-28T16:39:09.631527+00:00" hostname="agent-env-b5fffcc2-8a99-4abb-b6b8-fe88c2f7e528"><testcase classname="tests.test_iteration7_login_redirects.TestLoginByRole" name="test_admin_login_returns_admin_role" time="0.381" /><testcase classname="tests.test_iteration7_login_redirects.TestLoginByRole" name="test_motorista_login_returns_motorista_role" time="0.363" /><testcase classname="tests.test_iteration7_login_redirects.TestLoginByRole" name="test_funcionario_login_returns_funcionario_role" time="0.332" /><testcase classname="tests.test_iteration7_login_redirects.TestDashboardAPIs" name="test_admin_dashboard_stats" time="0.561" /><testcase classname="tests.test_iteration7_login_redirects.TestDashboardAPIs" name="test_funcionario_dashboard_stats" time="0.447" /><testcase classname="tests.test_iteration7_login_redirects.TestDashboardAPIs" name="test_funcionario_dashboard_atividades" time="0.117" /><testcase classname="tests.test_iteration7_login_redirects.TestDashboardAPIs" name="test_motorista_can_access_romaneios" time="0.441" /><testcase classname="tests.test_iteration7_login_redirects.TestDashboardAPIs" name="test_motorista_can_access_inadimplentes" time="0.102" /><testcase classname="tests.test_iteration7_login_redirects.TestServicosFuncionario" name="test_list_servicos_funcionario" time="0.101" /><testcase classname="tests.test_iteration7_login_redirects.TestContasReceber" name="test_motorista_can_access_contas_receber" time="0.107" /><testcase classname="tests.test_iteration7_login_redirects.TestContasReceber" name="test_motorista_sees_valor_in_contas_receber" time="0.112" /><testcase classname="tests.test_iteration7_login_redirects.TestClienteMinhasOS" name="test_minhas_os_endpoint_exists" time="0.106" /><testcase classname="tests.test_iteration7_login_redirects.TestPDFGeneration" name="test_pdf_endpoint_exists" time="0.447" /><testcase classname="tests.test_iteration7_login_redirects.TestAccessControl" name="test_motorista_can_access_clientes" time="0.102" /><testcase classname="tests.test_iteration7_login_redirects.TestAccessControl" name="test_motorista_can_access_pecas" time="0.130" /><testcase classname="tests.test_iteration7_login_redirects.TestAccessControl" name="test_motorista_can_access_ordens_servico" time="0.155" /><testcase classname="tests.test_iteration7_login_redirects.TestAccessControl" name="test_motorista_can_access_orcamentos" time="0.108" /><testcase classname="tests.test_iteration7_login_redirects.TestAccessControl" name="test_funcionario_can_access_pecas" time="0.103" /></testsuite></testsuites>