<?xml version="1.0" encoding="utf-8"?><testsuites name="pytest tests"><testsuite name="pytest" errors="0" failures="5" skipped="1" tests="14" time="8.666" timestamp="2026-02-26T20:00:20.440057+00:00" hostname="agent-env-5048d97e-e942-41df-bc46-2acf22c5fb91"><testcase classname="backend.tests.test_new_features.TestAuth" name="test_admin_login" time="0.581" /><testcase classname="backend.tests.test_new_features.TestServicosFuncionario" name="test_list_servicos_funcionario" time="0.600"><failure message="AssertionError: Expected 200, got 500: Internal Server Error&#10;assert 500 == 200&#10; +  where 500 = &lt;Response [500]&gt;.status_code">backend/tests/test_new_features.py:49: in test_list_servicos_funcionario
    assert response.status_code == 200, f"Expected 200, got {response.status_code}: {response.text}"
E   AssertionError: Expected 200, got 500: Internal Server Error
E   assert 500 == 200
E    +  where 500 = &lt;Response [500]&gt;.status_code</failure></testcase><testcase classname="backend.tests.test_new_features.TestServicosFuncionario" name="test_list_servicos_with_status_filter" time="0.503"><failure message="assert 500 == 200&#10; +  where 500 = &lt;Response [500]&gt;.status_code">backend/tests/test_new_features.py:61: in test_list_servicos_with_status_filter
    assert response.status_code == 200
E   assert 500 == 200
E    +  where 500 = &lt;Response [500]&gt;.status_code</failure></testcase><testcase classname="backend.tests.test_new_features.TestServicosFuncionario" name="test_iniciar_servico_invalid_id" time="0.557"><failure message="assert 500 == 400&#10; +  where 500 = &lt;Response [500]&gt;.status_code">backend/tests/test_new_features.py:76: in test_iniciar_servico_invalid_id
    assert response.status_code == 400
E   assert 500 == 400
E    +  where 500 = &lt;Response [500]&gt;.status_code</failure></testcase><testcase classname="backend.tests.test_new_features.TestServicosFuncionario" name="test_iniciar_servico_not_found" time="0.655" /><testcase classname="backend.tests.test_new_features.TestEntradaPecas" name="test_entrada_peca_success" time="0.826"><failure message="AssertionError: Expected 200, got 500: Internal Server Error&#10;assert 500 == 200&#10; +  where 500 = &lt;Response [500]&gt;.status_code">backend/tests/test_new_features.py:138: in test_entrada_peca_success
    assert response.status_code == 200, f"Expected 200, got {response.status_code}: {response.text}"
E   AssertionError: Expected 200, got 500: Internal Server Error
E   assert 500 == 200
E    +  where 500 = &lt;Response [500]&gt;.status_code</failure></testcase><testcase classname="backend.tests.test_new_features.TestEntradaPecas" name="test_entrada_peca_not_found" time="0.914" /><testcase classname="backend.tests.test_new_features.TestDashboardFuncionario" name="test_funcionario_stats" time="0.567" /><testcase classname="backend.tests.test_new_features.TestDashboardFuncionario" name="test_funcionario_atividades" time="0.592"><failure message="assert 500 == 200&#10; +  where 500 = &lt;Response [500]&gt;.status_code">backend/tests/test_new_features.py:189: in test_funcionario_atividades
    assert response.status_code == 200
E   assert 500 == 200
E    +  where 500 = &lt;Response [500]&gt;.status_code</failure></testcase><testcase classname="backend.tests.test_new_features.TestViewCliente" name="test_get_cliente_by_id" time="1.085" /><testcase classname="backend.tests.test_new_features.TestViewCliente" name="test_get_os_by_cliente_id" time="0.908" /><testcase classname="backend.tests.test_new_features.TestViewCliente" name="test_get_cliente_not_found" time="0.618" /><testcase classname="backend.tests.test_new_features.TestRoutesExist" name="test_api_health" time="0.151"><skipped type="pytest.skip" message="No health endpoint available">/app/backend/tests/test_new_features.py:278: No health endpoint available</skipped></testcase><testcase classname="backend.tests.test_new_features.TestWebSocket" name="test_ws_endpoint_exists" time="0.000" /></testsuite></testsuites>